TN:
SF:dist/models/recipe.js
FN:2,Object.<anonymous>.__importDefault
FN:39,validateRecipe
FNF:2
FNH:1
FNDA:2,Object.<anonymous>.__importDefault
FNDA:0,validateRecipe
DA:1,1
DA:2,1
DA:3,2
DA:4,2
DA:5,1
DA:6,1
DA:7,1
DA:8,1
DA:9,1
DA:10,1
DA:11,1
DA:12,1
DA:13,1
DA:14,1
DA:15,1
DA:16,1
DA:17,1
DA:18,1
DA:19,1
DA:20,1
DA:21,1
DA:22,1
DA:23,1
DA:24,1
DA:25,1
DA:26,1
DA:27,1
DA:28,1
DA:29,1
DA:30,1
DA:31,1
DA:32,1
DA:33,1
DA:34,1
DA:35,1
DA:36,1
DA:37,1
DA:38,1
DA:39,0
DA:40,0
DA:41,0
DA:42,0
DA:43,0
DA:44,0
DA:45,0
DA:46,0
DA:47,0
DA:48,0
DA:49,0
DA:50,0
DA:51,0
DA:52,1
DA:53,1
LF:53
LH:40
BRDA:2,0,0,2
BRDA:3,1,0,0
BRDA:32,2,0,1
BRDA:37,3,0,0
BRF:4
BRH:2
end_of_record
TN:
SF:dist/models/user.js
FN:2,Object.<anonymous>.__importDefault
FN:28,validateUserSignUp
FN:38,validateUserLogin
FNF:3
FNH:1
FNDA:2,Object.<anonymous>.__importDefault
FNDA:0,validateUserSignUp
FNDA:0,validateUserLogin
DA:1,1
DA:2,1
DA:3,2
DA:4,2
DA:5,1
DA:6,1
DA:7,1
DA:8,1
DA:9,1
DA:10,1
DA:11,1
DA:12,1
DA:13,1
DA:14,1
DA:15,1
DA:16,1
DA:17,1
DA:18,1
DA:19,1
DA:20,1
DA:21,1
DA:22,1
DA:23,1
DA:24,1
DA:25,1
DA:26,1
DA:27,1
DA:28,0
DA:29,0
DA:30,0
DA:31,0
DA:32,0
DA:33,0
DA:34,0
DA:35,0
DA:36,0
DA:37,1
DA:38,0
DA:39,0
DA:40,0
DA:41,0
DA:42,0
DA:43,0
DA:44,0
DA:45,1
DA:46,1
LF:46
LH:30
BRDA:2,0,0,2
BRDA:3,1,0,0
BRF:2
BRH:1
end_of_record
